<?xml version="1.0" encoding="UTF-8"?>
<testsuite xmlns:xsi="http://www.w3.org/2001/XMLSchema-instance" xsi:noNamespaceSchemaLocation="https://maven.apache.org/surefire/maven-surefire-plugin/xsd/surefire-test-report.xsd" version="3.0.2" name="fr.simplon.miniature.MiniatureApplicationTests" time="15.375" tests="1" errors="0" skipped="0" failures="0">
  <properties>
[...]
</properties>
  <testcase name="contextLoads" classname="fr.simplon.miniature.MiniatureApplicationTests" time="1.797">
    <system-out><![CDATA[13:30:19.339 [main] INFO org.springframework.test.context.support.AnnotationConfigContextLoaderUtils -- Could not detect default configuration classes for test class [fr.simplon.miniature.MiniatureApplicationTests]: MiniatureApplicationTests does not declare any static, non-private, non-final, nested classes annotated with @Configuration.
13:30:19.702 [main] INFO org.springframework.boot.test.context.SpringBootTestContextBootstrapper -- Found @SpringBootConfiguration fr.simplon.miniature.MiniatureApplication for test class fr.simplon.miniature.MiniatureApplicationTests

  .   ____          _            __ _ _
 /\\ / ___'_ __ _ _(_)_ __  __ _ \ \ \ \
( ( )\___ | '_ | '_| | '_ \/ _` | \ \ \ \
 \\/  ___)| |_)| | | | | || (_| |  ) ) ) )
  '  |____| .__|_| |_|_| |_\__, | / / / /
 =========|_|==============|___/=/_/_/_/

 :: Spring Boot ::                (v3.4.3)

2025-03-03T13:30:20.742+01:00  INFO 26304 --- [miniature] [           main] f.s.miniature.MiniatureApplicationTests  : Starting MiniatureApplicationTests using Java 21.0.2 with PID 26304 (started by 57522J in C:\workspaces\simplon-2024-miniature2-spring-api)
2025-03-03T13:30:20.745+01:00  INFO 26304 --- [miniature] [           main] f.s.miniature.MiniatureApplicationTests  : No active profile set, falling back to 1 default profile: "default"
2025-03-03T13:30:22.217+01:00  INFO 26304 --- [miniature] [           main] .s.d.r.c.RepositoryConfigurationDelegate : Multiple Spring Data modules found, entering strict repository configuration mode
2025-03-03T13:30:22.221+01:00  INFO 26304 --- [miniature] [           main] .s.d.r.c.RepositoryConfigurationDelegate : Bootstrapping Spring Data JDBC repositories in DEFAULT mode.
2025-03-03T13:30:22.294+01:00  INFO 26304 --- [miniature] [           main] .RepositoryConfigurationExtensionSupport : Spring Data JDBC - Could not safely identify store assignment for repository candidate interface fr.simplon.miniature.repositories.AttachmentRepository; If you want this repository to be a JDBC repository, consider annotating your entities with one of these annotations: org.springframework.data.relational.core.mapping.Table.
2025-03-03T13:30:22.298+01:00  INFO 26304 --- [miniature] [           main] .RepositoryConfigurationExtensionSupport : Spring Data JDBC - Could not safely identify store assignment for repository candidate interface fr.simplon.miniature.repositories.GroupRepository; If you want this repository to be a JDBC repository, consider annotating your entities with one of these annotations: org.springframework.data.relational.core.mapping.Table.
2025-03-03T13:30:22.307+01:00  INFO 26304 --- [miniature] [           main] .RepositoryConfigurationExtensionSupport : Spring Data JDBC - Could not safely identify store assignment for repository candidate interface fr.simplon.miniature.repositories.PostRepository; If you want this repository to be a JDBC repository, consider annotating your entities with one of these annotations: org.springframework.data.relational.core.mapping.Table.
2025-03-03T13:30:22.319+01:00  INFO 26304 --- [miniature] [           main] .RepositoryConfigurationExtensionSupport : Spring Data JDBC - Could not safely identify store assignment for repository candidate interface fr.simplon.miniature.repositories.UserRepository; If you want this repository to be a JDBC repository, consider annotating your entities with one of these annotations: org.springframework.data.relational.core.mapping.Table.
2025-03-03T13:30:22.321+01:00  INFO 26304 --- [miniature] [           main] .s.d.r.c.RepositoryConfigurationDelegate : Finished Spring Data repository scanning in 89 ms. Found 0 JDBC repository interfaces.
2025-03-03T13:30:22.364+01:00  INFO 26304 --- [miniature] [           main] .s.d.r.c.RepositoryConfigurationDelegate : Multiple Spring Data modules found, entering strict repository configuration mode
2025-03-03T13:30:22.366+01:00  INFO 26304 --- [miniature] [           main] .s.d.r.c.RepositoryConfigurationDelegate : Bootstrapping Spring Data JPA repositories in DEFAULT mode.
2025-03-03T13:30:22.486+01:00  INFO 26304 --- [miniature] [           main] .s.d.r.c.RepositoryConfigurationDelegate : Finished Spring Data repository scanning in 104 ms. Found 4 JPA repository interfaces.
2025-03-03T13:30:23.686+01:00  INFO 26304 --- [miniature] [           main] com.zaxxer.hikari.HikariDataSource       : HikariPool-1 - Starting...
2025-03-03T13:30:24.324+01:00  INFO 26304 --- [miniature] [           main] com.zaxxer.hikari.pool.HikariPool        : HikariPool-1 - Added connection org.postgresql.jdbc.PgConnection@36510e73
2025-03-03T13:30:24.327+01:00  INFO 26304 --- [miniature] [           main] com.zaxxer.hikari.HikariDataSource       : HikariPool-1 - Start completed.
2025-03-03T13:30:24.398+01:00  INFO 26304 --- [miniature] [           main] org.flywaydb.core.FlywayExecutor         : Database: jdbc:postgresql://localhost:5432/miniature2 (PostgreSQL 16.2)
2025-03-03T13:30:24.613+01:00  INFO 26304 --- [miniature] [           main] o.f.c.i.s.JdbcTableSchemaHistory         : Schema history table "public"."flyway_schema_history" does not exist yet
2025-03-03T13:30:24.620+01:00  INFO 26304 --- [miniature] [           main] o.f.core.internal.command.DbValidate     : Successfully validated 2 migrations (execution time 00:00.042s)
2025-03-03T13:30:24.646+01:00  INFO 26304 --- [miniature] [           main] o.f.c.i.s.JdbcTableSchemaHistory         : Creating Schema History table "public"."flyway_schema_history" ...
2025-03-03T13:30:25.225+01:00  INFO 26304 --- [miniature] [           main] o.f.core.internal.command.DbMigrate      : Current version of schema "public": << Empty Schema >>
2025-03-03T13:30:25.252+01:00  INFO 26304 --- [miniature] [           main] o.f.core.internal.command.DbMigrate      : Migrating schema "public" to version "1 - init"
2025-03-03T13:30:25.260+01:00  INFO 26304 --- [miniature] [           main] o.f.c.i.s.DefaultSqlScriptExecutor       : DB: la table « user » n'existe pas, poursuite du traitement
2025-03-03T13:30:25.463+01:00  INFO 26304 --- [miniature] [           main] o.f.c.i.s.DefaultSqlScriptExecutor       : DB: la table « settings » n'existe pas, poursuite du traitement
2025-03-03T13:30:25.558+01:00  INFO 26304 --- [miniature] [           main] o.f.c.i.s.DefaultSqlScriptExecutor       : DB: la table « group » n'existe pas, poursuite du traitement
2025-03-03T13:30:25.636+01:00  INFO 26304 --- [miniature] [           main] o.f.c.i.s.DefaultSqlScriptExecutor       : DB: la table « role » n'existe pas, poursuite du traitement
2025-03-03T13:30:25.732+01:00  INFO 26304 --- [miniature] [           main] o.f.c.i.s.DefaultSqlScriptExecutor       : DB: la table « group_users » n'existe pas, poursuite du traitement
2025-03-03T13:30:25.786+01:00  INFO 26304 --- [miniature] [           main] o.f.c.i.s.DefaultSqlScriptExecutor       : DB: la table « post » n'existe pas, poursuite du traitement
2025-03-03T13:30:25.860+01:00  INFO 26304 --- [miniature] [           main] o.f.c.i.s.DefaultSqlScriptExecutor       : DB: le type « attachment_type » n'existe pas, poursuite du traitement
2025-03-03T13:30:25.911+01:00  INFO 26304 --- [miniature] [           main] o.f.c.i.s.DefaultSqlScriptExecutor       : DB: la table « attachment » n'existe pas, poursuite du traitement
2025-03-03T13:30:25.985+01:00  INFO 26304 --- [miniature] [           main] o.f.c.i.s.DefaultSqlScriptExecutor       : DB: la table « tag » n'existe pas, poursuite du traitement
2025-03-03T13:30:26.031+01:00  INFO 26304 --- [miniature] [           main] o.f.c.i.s.DefaultSqlScriptExecutor       : DB: la table « follow » n'existe pas, poursuite du traitement
2025-03-03T13:30:26.131+01:00  INFO 26304 --- [miniature] [           main] o.f.c.i.s.DefaultSqlScriptExecutor       : DB: la table « like » n'existe pas, poursuite du traitement
2025-03-03T13:30:26.149+01:00  INFO 26304 --- [miniature] [           main] o.f.c.i.s.DefaultSqlScriptExecutor       : DB: la vue « view_post » n'existe pas, poursuite du traitement
2025-03-03T13:30:26.198+01:00  INFO 26304 --- [miniature] [           main] o.f.c.i.s.DefaultSqlScriptExecutor       : DB: la vue « view_post_trending » n'existe pas, poursuite du traitement
2025-03-03T13:30:26.200+01:00  INFO 26304 --- [miniature] [           main] o.f.c.i.s.DefaultSqlScriptExecutor       : DB: la vue « view_post_newest » n'existe pas, poursuite du traitement
2025-03-03T13:30:26.221+01:00  INFO 26304 --- [miniature] [           main] o.f.c.i.s.DefaultSqlScriptExecutor       : DB: la fonction getpostcomments() n'existe pas, poursuite du traitement
2025-03-03T13:30:26.619+01:00  INFO 26304 --- [miniature] [           main] o.f.core.internal.command.DbMigrate      : Migrating schema "public" to version "2 - add data"
2025-03-03T13:30:26.677+01:00  INFO 26304 --- [miniature] [           main] o.f.c.i.s.DefaultSqlScriptExecutor       : +--------+
| setval |
+--------+
| 5      |
+--------+

2025-03-03T13:30:26.748+01:00  INFO 26304 --- [miniature] [           main] o.f.c.i.s.DefaultSqlScriptExecutor       : +--------+
| setval |
+--------+
| 5      |
+--------+

2025-03-03T13:30:26.759+01:00  INFO 26304 --- [miniature] [           main] o.f.c.i.s.DefaultSqlScriptExecutor       : +--------+
| setval |
+--------+
| 12     |
+--------+

2025-03-03T13:30:26.768+01:00  INFO 26304 --- [miniature] [           main] o.f.c.i.s.DefaultSqlScriptExecutor       : +--------+
| setval |
+--------+
| 2      |
+--------+

2025-03-03T13:30:26.791+01:00  INFO 26304 --- [miniature] [           main] o.f.core.internal.command.DbMigrate      : Successfully applied 2 migrations to schema "public", now at version v2 (execution time 00:01.406s)
2025-03-03T13:30:27.099+01:00  INFO 26304 --- [miniature] [           main] o.hibernate.jpa.internal.util.LogHelper  : HHH000204: Processing PersistenceUnitInfo [name: default]
2025-03-03T13:30:27.278+01:00  INFO 26304 --- [miniature] [           main] org.hibernate.Version                    : HHH000412: Hibernate ORM core version 6.6.8.Final
2025-03-03T13:30:27.356+01:00  INFO 26304 --- [miniature] [           main] o.h.c.internal.RegionFactoryInitiator    : HHH000026: Second-level cache disabled
2025-03-03T13:30:28.042+01:00  INFO 26304 --- [miniature] [           main] o.s.o.j.p.SpringPersistenceUnitInfo      : No LoadTimeWeaver setup: ignoring JPA class transformer
2025-03-03T13:30:28.153+01:00  WARN 26304 --- [miniature] [           main] org.hibernate.orm.deprecation            : HHH90000025: PostgreSQLDialect does not need to be specified explicitly using 'hibernate.dialect' (remove the property setting and it will be selected by default)
2025-03-03T13:30:28.180+01:00  INFO 26304 --- [miniature] [           main] org.hibernate.orm.connections.pooling    : HHH10001005: Database info:
	Database JDBC URL [Connecting through datasource 'HikariDataSource (HikariPool-1)']
	Database driver: undefined/unknown
	Database version: 16.2
	Autocommit mode: undefined/unknown
	Isolation level: undefined/unknown
	Minimum pool size: undefined/unknown
	Maximum pool size: undefined/unknown
2025-03-03T13:30:30.308+01:00  INFO 26304 --- [miniature] [           main] o.h.e.t.j.p.i.JtaPlatformInitiator       : HHH000489: No JTA platform available (set 'hibernate.transaction.jta.platform' to enable JTA platform integration)
2025-03-03T13:30:30.314+01:00  INFO 26304 --- [miniature] [           main] j.LocalContainerEntityManagerFactoryBean : Initialized JPA EntityManagerFactory for persistence unit 'default'
2025-03-03T13:30:30.941+01:00  INFO 26304 --- [miniature] [           main] r$InitializeUserDetailsManagerConfigurer : Global AuthenticationManager configured with UserDetailsService bean with name customUserDetailsService
2025-03-03T13:30:31.003+01:00  INFO 26304 --- [miniature] [           main] o.s.d.j.r.query.QueryEnhancerFactory     : Hibernate is in classpath; If applicable, HQL parser will be used.
2025-03-03T13:30:31.199+01:00  WARN 26304 --- [miniature] [           main] JpaBaseConfiguration$JpaWebConfiguration : spring.jpa.open-in-view is enabled by default. Therefore, database queries may be performed during view rendering. Explicitly configure spring.jpa.open-in-view to disable this warning
2025-03-03T13:30:32.487+01:00  INFO 26304 --- [miniature] [           main] f.s.miniature.MiniatureApplicationTests  : Started MiniatureApplicationTests in 12.401 seconds (process running for 14.731)
]]></system-out>
    <system-err><![CDATA[Mockito is currently self-attaching to enable the inline-mock-maker. This will no longer work in future releases of the JDK. Please add Mockito as an agent to your build what is described in Mockito's documentation: https://javadoc.io/doc/org.mockito/mockito-core/latest/org/mockito/Mockito.html#0.3
WARNING: A Java agent has been loaded dynamically (C:\Users\57522J\.m2\repository\net\bytebuddy\byte-buddy-agent\1.15.11\byte-buddy-agent-1.15.11.jar)
WARNING: If a serviceability tool is in use, please run with -XX:+EnableDynamicAgentLoading to hide this warning
WARNING: If a serviceability tool is not in use, please run with -Djdk.instrument.traceUsage for more information
WARNING: Dynamic loading of agents will be disallowed by default in a future release
]]></system-err>
  </testcase>
</testsuite>